# JRE version: OpenJDK Runtime Environment (8.0_202-b03) (build 1.8.0_202-release-1483-b03)
# Java VM: OpenJDK 64-Bit Server VM (25.202-b03 mixed mode windows-amd64 compressed oops)
Heap:
 PSYoungGen      total 370688K, used 214268K [0x00000000e0000000, 0x00000000f9c80000, 0x0000000100000000)
  eden space 325632K, 61% used [0x00000000e0000000,0x00000000ec3043d0,0x00000000f3e00000)
  from space 45056K, 32% used [0x00000000f3e00000,0x00000000f4c3ad88,0x00000000f6a00000)
  to   space 42496K, 0% used [0x00000000f7300000,0x00000000f7300000,0x00000000f9c80000)
 ParOldGen       total 225280K, used 145735K [0x00000000a0000000, 0x00000000adc00000, 0x00000000e0000000)
  object space 225280K, 64% used [0x00000000a0000000,0x00000000a8e51c70,0x00000000adc00000)
 Metaspace       used 106713K, capacity 111332K, committed 111424K, reserved 1144832K
  class space    used 14574K, capacity 15401K, committed 15448K, reserved 1048576K
GC Heap History (10 events):
Event: 876.010 GC heap before
{Heap before GC invocations=27 (full 4):
 PSYoungGen      total 320512K, used 293821K [0x00000000e0000000, 0x00000000fad00000, 0x0000000100000000)
  eden space 285184K, 100% used [0x00000000e0000000,0x00000000f1680000,0x00000000f1680000)
  from space 35328K, 24% used [0x00000000f4a00000,0x00000000f526f448,0x00000000f6c80000)
  to   space 52736K, 0% used [0x00000000f1680000,0x00000000f1680000,0x00000000f4a00000)
 ParOldGen       total 225280K, used 145695K [0x00000000a0000000, 0x00000000adc00000, 0x00000000e0000000)
  object space 225280K, 64% used [0x00000000a0000000,0x00000000a8e47c70,0x00000000adc00000)
 Metaspace       used 103632K, capacity 107510K, committed 107712K, reserved 1142784K
  class space    used 14269K, capacity 15032K, committed 15064K, reserved 1048576K
Event: 876.039 GC heap after
Heap after GC invocations=27 (full 4):
 PSYoungGen      total 337920K, used 10535K [0x00000000e0000000, 0x00000000f9a00000, 0x0000000100000000)
  eden space 285184K, 0% used [0x00000000e0000000,0x00000000e0000000,0x00000000f1680000)
  from space 52736K, 19% used [0x00000000f1680000,0x00000000f20c9fa8,0x00000000f4a00000)
  to   space 51200K, 0% used [0x00000000f6800000,0x00000000f6800000,0x00000000f9a00000)
 ParOldGen       total 225280K, used 145703K [0x00000000a0000000, 0x00000000adc00000, 0x00000000e0000000)
  object space 225280K, 64% used [0x00000000a0000000,0x00000000a8e49c70,0x00000000adc00000)
 Metaspace       used 103632K, capacity 107510K, committed 107712K, reserved 1142784K
  class space    used 14269K, capacity 15032K, committed 15064K, reserved 1048576K
}
Event: 948.823 GC heap before
{Heap before GC invocations=28 (full 4):
 PSYoungGen      total 337920K, used 295719K [0x00000000e0000000, 0x00000000f9a00000, 0x0000000100000000)
  eden space 285184K, 100% used [0x00000000e0000000,0x00000000f1680000,0x00000000f1680000)
  from space 52736K, 19% used [0x00000000f1680000,0x00000000f20c9fa8,0x00000000f4a00000)
  to   space 51200K, 0% used [0x00000000f6800000,0x00000000f6800000,0x00000000f9a00000)
 ParOldGen       total 225280K, used 145703K [0x00000000a0000000, 0x00000000adc00000, 0x00000000e0000000)
  object space 225280K, 64% used [0x00000000a0000000,0x00000000a8e49c70,0x00000000adc00000)
 Metaspace       used 103719K, capacity 107598K, committed 107712K, reserved 1142784K
  class space    used 14271K, capacity 15034K, committed 15064K, reserved 1048576K
Event: 948.873 GC heap after
Heap after GC invocations=28 (full 4):
 PSYoungGen      total 354304K, used 10493K [0x00000000e0000000, 0x00000000f9180000, 0x0000000100000000)
  eden space 311808K, 0% used [0x00000000e0000000,0x00000000e0000000,0x00000000f3080000)
  from space 42496K, 24% used [0x00000000f6800000,0x00000000f723f538,0x00000000f9180000)
  to   space 49664K, 0% used [0x00000000f3080000,0x00000000f3080000,0x00000000f6100000)
 ParOldGen       total 225280K, used 145711K [0x00000000a0000000, 0x00000000adc00000, 0x00000000e0000000)
  object space 225280K, 64% used [0x00000000a0000000,0x00000000a8e4bc70,0x00000000adc00000)
 Metaspace       used 103719K, capacity 107598K, committed 107712K, reserved 1142784K
  class space    used 14271K, capacity 15034K, committed 15064K, reserved 1048576K
}
Event: 1238.778 GC heap before
{Heap before GC invocations=29 (full 4):
 PSYoungGen      total 354304K, used 322301K [0x00000000e0000000, 0x00000000f9180000, 0x0000000100000000)
  eden space 311808K, 100% used [0x00000000e0000000,0x00000000f3080000,0x00000000f3080000)
  from space 42496K, 24% used [0x00000000f6800000,0x00000000f723f538,0x00000000f9180000)
  to   space 49664K, 0% used [0x00000000f3080000,0x00000000f3080000,0x00000000f6100000)
 ParOldGen       total 225280K, used 145711K [0x00000000a0000000, 0x00000000adc00000, 0x00000000e0000000)
  object space 225280K, 64% used [0x00000000a0000000,0x00000000a8e4bc70,0x00000000adc00000)
 Metaspace       used 105721K, capacity 109702K, committed 110016K, reserved 1144832K
  class space    used 14470K, capacity 15218K, committed 15320K, reserved 1048576K
Event: 1238.809 GC heap after
Heap after GC invocations=29 (full 4):
 PSYoungGen      total 361472K, used 16006K [0x00000000e0000000, 0x00000000f9d80000, 0x0000000100000000)
  eden space 311808K, 0% used [0x00000000e0000000,0x00000000e0000000,0x00000000f3080000)
  from space 49664K, 32% used [0x00000000f3080000,0x00000000f4021aa0,0x00000000f6100000)
  to   space 47104K, 0% used [0x00000000f6f80000,0x00000000f6f80000,0x00000000f9d80000)
 ParOldGen       total 225280K, used 145719K [0x00000000a0000000, 0x00000000adc00000, 0x00000000e0000000)
  object space 225280K, 64% used [0x00000000a0000000,0x00000000a8e4dc70,0x00000000adc00000)
 Metaspace       used 105721K, capacity 109702K, committed 110016K, reserved 1144832K
  class space    used 14470K, capacity 15218K, committed 15320K, reserved 1048576K
}
Event: 2190.854 GC heap before
{Heap before GC invocations=30 (full 4):
 PSYoungGen      total 361472K, used 327814K [0x00000000e0000000, 0x00000000f9d80000, 0x0000000100000000)
  eden space 311808K, 100% used [0x00000000e0000000,0x00000000f3080000,0x00000000f3080000)
  from space 49664K, 32% used [0x00000000f3080000,0x00000000f4021aa0,0x00000000f6100000)
  to   space 47104K, 0% used [0x00000000f6f80000,0x00000000f6f80000,0x00000000f9d80000)
 ParOldGen       total 225280K, used 145719K [0x00000000a0000000, 0x00000000adc00000, 0x00000000e0000000)
  object space 225280K, 64% used [0x00000000a0000000,0x00000000a8e4dc70,0x00000000adc00000)
 Metaspace       used 106003K, capacity 110110K, committed 110272K, reserved 1144832K
  class space    used 14488K, capacity 15244K, committed 15320K, reserved 1048576K
Event: 2190.910 GC heap after
Heap after GC invocations=30 (full 4):
 PSYoungGen      total 365056K, used 13995K [0x00000000e0000000, 0x00000000f9600000, 0x0000000100000000)
  eden space 325632K, 0% used [0x00000000e0000000,0x00000000e0000000,0x00000000f3e00000)
  from space 39424K, 35% used [0x00000000f6f80000,0x00000000f7d2ac30,0x00000000f9600000)
  to   space 45056K, 0% used [0x00000000f3e00000,0x00000000f3e00000,0x00000000f6a00000)
 ParOldGen       total 225280K, used 145727K [0x00000000a0000000, 0x00000000adc00000, 0x00000000e0000000)
  object space 225280K, 64% used [0x00000000a0000000,0x00000000a8e4fc70,0x00000000adc00000)
 Metaspace       used 106003K, capacity 110110K, committed 110272K, reserved 1144832K
  class space    used 14488K, capacity 15244K, committed 15320K, reserved 1048576K
}
Event: 2566.858 GC heap before
{Heap before GC invocations=31 (full 4):
 PSYoungGen      total 365056K, used 339627K [0x00000000e0000000, 0x00000000f9600000, 0x0000000100000000)
  eden space 325632K, 100% used [0x00000000e0000000,0x00000000f3e00000,0x00000000f3e00000)
  from space 39424K, 35% used [0x00000000f6f80000,0x00000000f7d2ac30,0x00000000f9600000)
  to   space 45056K, 0% used [0x00000000f3e00000,0x00000000f3e00000,0x00000000f6a00000)
 ParOldGen       total 225280K, used 145727K [0x00000000a0000000, 0x00000000adc00000, 0x00000000e0000000)
  object space 225280K, 64% used [0x00000000a0000000,0x00000000a8e4fc70,0x00000000adc00000)
 Metaspace       used 106274K, capacity 110574K, committed 110784K, reserved 1144832K
  class space    used 14517K, capacity 15298K, committed 15320K, reserved 1048576K
Event: 2567.146 GC heap after
Heap after GC invocations=31 (full 4):
 PSYoungGen      total 370688K, used 14571K [0x00000000e0000000, 0x00000000f9c80000, 0x0000000100000000)
  eden space 325632K, 0% used [0x00000000e0000000,0x00000000e0000000,0x00000000f3e00000)
  from space 45056K, 32% used [0x00000000f3e00000,0x00000000f4c3ad88,0x00000000f6a00000)
  to   space 42496K, 0% used [0x00000000f7300000,0x00000000f7300000,0x00000000f9c80000)
 ParOldGen       total 225280K, used 145735K [0x00000000a0000000, 0x00000000adc00000, 0x00000000e0000000)
  object space 225280K, 64% used [0x00000000a0000000,0x00000000a8e51c70,0x00000000adc00000)
 Metaspace       used 106274K, capacity 110574K, committed 110784K, reserved 1144832K
  class space    used 14517K, capacity 15298K, committed 15320K, reserved 1048576K
}

