# JRE version: OpenJDK Runtime Environment (8.0_202-b03) (build 1.8.0_202-release-1483-b03)
# Java VM: OpenJDK 64-Bit Server VM (25.202-b03 mixed mode windows-amd64 compressed oops)
Heap:
 PSYoungGen      total 336896K, used 201728K [0x00000000e0000000, 0x00000000f9880000, 0x0000000100000000)
  eden space 294912K, 54% used [0x00000000e0000000,0x00000000e9c05658,0x00000000f2000000)
  from space 41984K, 99% used [0x00000000f5600000,0x00000000f7eface0,0x00000000f7f00000)
  to   space 55296K, 0% used [0x00000000f2000000,0x00000000f2000000,0x00000000f5600000)
 ParOldGen       total 230400K, used 119397K [0x00000000a0000000, 0x00000000ae100000, 0x00000000e0000000)
  object space 230400K, 51% used [0x00000000a0000000,0x00000000a7499540,0x00000000ae100000)
 Metaspace       used 112841K, capacity 117762K, committed 118144K, reserved 1150976K
  class space    used 15489K, capacity 16458K, committed 16512K, reserved 1048576K
GC Heap History (10 events):
Event: 168.896 GC heap before
{Heap before GC invocations=30 (full 4):
 PSYoungGen      total 270848K, used 220958K [0x00000000e0000000, 0x00000000f5780000, 0x0000000100000000)
  eden space 221184K, 99% used [0x00000000e0000000,0x00000000ed7c7b18,0x00000000ed800000)
  from space 49664K, 0% used [0x00000000ed800000,0x00000000ed800000,0x00000000f0880000)
  to   space 48640K, 0% used [0x00000000f2800000,0x00000000f2800000,0x00000000f5780000)
 ParOldGen       total 230400K, used 101502K [0x00000000a0000000, 0x00000000ae100000, 0x00000000e0000000)
  object space 230400K, 44% used [0x00000000a0000000,0x00000000a631fb00,0x00000000ae100000)
 Metaspace       used 93124K, capacity 97464K, committed 97536K, reserved 1134592K
  class space    used 12130K, capacity 13012K, committed 13056K, reserved 1048576K
Event: 168.901 GC heap after
Heap after GC invocations=30 (full 4):
 PSYoungGen      total 303104K, used 3850K [0x00000000e0000000, 0x00000000f5780000, 0x0000000100000000)
  eden space 254464K, 0% used [0x00000000e0000000,0x00000000e0000000,0x00000000ef880000)
  from space 48640K, 7% used [0x00000000f2800000,0x00000000f2bc2a08,0x00000000f5780000)
  to   space 48640K, 0% used [0x00000000ef880000,0x00000000ef880000,0x00000000f2800000)
 ParOldGen       total 230400K, used 101510K [0x00000000a0000000, 0x00000000ae100000, 0x00000000e0000000)
  object space 230400K, 44% used [0x00000000a0000000,0x00000000a6321b00,0x00000000ae100000)
 Metaspace       used 93124K, capacity 97464K, committed 97536K, reserved 1134592K
  class space    used 12130K, capacity 13012K, committed 13056K, reserved 1048576K
}
Event: 519.162 GC heap before
{Heap before GC invocations=31 (full 4):
 PSYoungGen      total 303104K, used 258314K [0x00000000e0000000, 0x00000000f5780000, 0x0000000100000000)
  eden space 254464K, 100% used [0x00000000e0000000,0x00000000ef880000,0x00000000ef880000)
  from space 48640K, 7% used [0x00000000f2800000,0x00000000f2bc2a08,0x00000000f5780000)
  to   space 48640K, 0% used [0x00000000ef880000,0x00000000ef880000,0x00000000f2800000)
 ParOldGen       total 230400K, used 101510K [0x00000000a0000000, 0x00000000ae100000, 0x00000000e0000000)
  object space 230400K, 44% used [0x00000000a0000000,0x00000000a6321b00,0x00000000ae100000)
 Metaspace       used 94891K, capacity 99352K, committed 99584K, reserved 1136640K
  class space    used 12329K, capacity 13216K, committed 13312K, reserved 1048576K
Event: 519.248 GC heap after
Heap after GC invocations=31 (full 4):
 PSYoungGen      total 303104K, used 18828K [0x00000000e0000000, 0x00000000f7200000, 0x0000000100000000)
  eden space 254464K, 0% used [0x00000000e0000000,0x00000000e0000000,0x00000000ef880000)
  from space 48640K, 38% used [0x00000000ef880000,0x00000000f0ae3218,0x00000000f2800000)
  to   space 45568K, 0% used [0x00000000f4580000,0x00000000f4580000,0x00000000f7200000)
 ParOldGen       total 230400K, used 101518K [0x00000000a0000000, 0x00000000ae100000, 0x00000000e0000000)
  object space 230400K, 44% used [0x00000000a0000000,0x00000000a6323b00,0x00000000ae100000)
 Metaspace       used 94891K, capacity 99352K, committed 99584K, reserved 1136640K
  class space    used 12329K, capacity 13216K, committed 13312K, reserved 1048576K
}
Event: 976.047 GC heap before
{Heap before GC invocations=32 (full 4):
 PSYoungGen      total 303104K, used 273292K [0x00000000e0000000, 0x00000000f7200000, 0x0000000100000000)
  eden space 254464K, 100% used [0x00000000e0000000,0x00000000ef880000,0x00000000ef880000)
  from space 48640K, 38% used [0x00000000ef880000,0x00000000f0ae3218,0x00000000f2800000)
  to   space 45568K, 0% used [0x00000000f4580000,0x00000000f4580000,0x00000000f7200000)
 ParOldGen       total 230400K, used 101518K [0x00000000a0000000, 0x00000000ae100000, 0x00000000e0000000)
  object space 230400K, 44% used [0x00000000a0000000,0x00000000a6323b00,0x00000000ae100000)
 Metaspace       used 95416K, capacity 99992K, committed 100096K, reserved 1136640K
  class space    used 12353K, capacity 13242K, committed 13312K, reserved 1048576K
Event: 976.079 GC heap after
Heap after GC invocations=32 (full 4):
 PSYoungGen      total 320000K, used 13641K [0x00000000e0000000, 0x00000000f6a00000, 0x0000000100000000)
  eden space 282624K, 0% used [0x00000000e0000000,0x00000000e0000000,0x00000000f1400000)
  from space 37376K, 36% used [0x00000000f4580000,0x00000000f52d24c0,0x00000000f6a00000)
  to   space 44032K, 0% used [0x00000000f1400000,0x00000000f1400000,0x00000000f3f00000)
 ParOldGen       total 230400K, used 101518K [0x00000000a0000000, 0x00000000ae100000, 0x00000000e0000000)
  object space 230400K, 44% used [0x00000000a0000000,0x00000000a6323b00,0x00000000ae100000)
 Metaspace       used 95416K, capacity 99992K, committed 100096K, reserved 1136640K
  class space    used 12353K, capacity 13242K, committed 13312K, reserved 1048576K
}
Event: 1063.824 GC heap before
{Heap before GC invocations=33 (full 4):
 PSYoungGen      total 320000K, used 296265K [0x00000000e0000000, 0x00000000f6a00000, 0x0000000100000000)
  eden space 282624K, 100% used [0x00000000e0000000,0x00000000f1400000,0x00000000f1400000)
  from space 37376K, 36% used [0x00000000f4580000,0x00000000f52d24c0,0x00000000f6a00000)
  to   space 44032K, 0% used [0x00000000f1400000,0x00000000f1400000,0x00000000f3f00000)
 ParOldGen       total 230400K, used 101518K [0x00000000a0000000, 0x00000000ae100000, 0x00000000e0000000)
  object space 230400K, 44% used [0x00000000a0000000,0x00000000a6323b00,0x00000000ae100000)
 Metaspace       used 96233K, capacity 101000K, committed 101248K, reserved 1136640K
  class space    used 12431K, capacity 13368K, committed 13440K, reserved 1048576K
Event: 1063.850 GC heap after
Heap after GC invocations=33 (full 4):
 PSYoungGen      total 326656K, used 15078K [0x00000000e0000000, 0x00000000f7f00000, 0x0000000100000000)
  eden space 282624K, 0% used [0x00000000e0000000,0x00000000e0000000,0x00000000f1400000)
  from space 44032K, 34% used [0x00000000f1400000,0x00000000f22b9898,0x00000000f3f00000)
  to   space 41984K, 0% used [0x00000000f5600000,0x00000000f5600000,0x00000000f7f00000)
 ParOldGen       total 230400K, used 101526K [0x00000000a0000000, 0x00000000ae100000, 0x00000000e0000000)
  object space 230400K, 44% used [0x00000000a0000000,0x00000000a6325b00,0x00000000ae100000)
 Metaspace       used 96233K, capacity 101000K, committed 101248K, reserved 1136640K
  class space    used 12431K, capacity 13368K, committed 13440K, reserved 1048576K
}
Event: 1072.072 GC heap before
{Heap before GC invocations=34 (full 4):
 PSYoungGen      total 326656K, used 297702K [0x00000000e0000000, 0x00000000f7f00000, 0x0000000100000000)
  eden space 282624K, 100% used [0x00000000e0000000,0x00000000f1400000,0x00000000f1400000)
  from space 44032K, 34% used [0x00000000f1400000,0x00000000f22b9898,0x00000000f3f00000)
  to   space 41984K, 0% used [0x00000000f5600000,0x00000000f5600000,0x00000000f7f00000)
 ParOldGen       total 230400K, used 101526K [0x00000000a0000000, 0x00000000ae100000, 0x00000000e0000000)
  object space 230400K, 44% used [0x00000000a0000000,0x00000000a6325b00,0x00000000ae100000)
 Metaspace       used 111361K, capacity 116368K, committed 116736K, reserved 1148928K
  class space    used 15382K, capacity 16359K, committed 16384K, reserved 1048576K
Event: 1072.129 GC heap after
Heap after GC invocations=34 (full 4):
 PSYoungGen      total 336896K, used 41963K [0x00000000e0000000, 0x00000000f9880000, 0x0000000100000000)
  eden space 294912K, 0% used [0x00000000e0000000,0x00000000e0000000,0x00000000f2000000)
  from space 41984K, 99% used [0x00000000f5600000,0x00000000f7eface0,0x00000000f7f00000)
  to   space 55296K, 0% used [0x00000000f2000000,0x00000000f2000000,0x00000000f5600000)
 ParOldGen       total 230400K, used 119397K [0x00000000a0000000, 0x00000000ae100000, 0x00000000e0000000)
  object space 230400K, 51% used [0x00000000a0000000,0x00000000a7499540,0x00000000ae100000)
 Metaspace       used 111361K, capacity 116368K, committed 116736K, reserved 1148928K
  class space    used 15382K, capacity 16359K, committed 16384K, reserved 1048576K
}

